INFO:root:Loaded seccessful from file: ./data/recommendations.parquet
INFO:root:Loaded seccessful from file: ./data/similar_items.parquet
INFO:root:Loaded seccessful from file: ./data/top_popular.parquet
INFO:root:Class service.recsys_hendler init
INFO:root:Starting
INFO:root:personal 
INFO:root:personal 
INFO:root:item2item
INFO:root:personal 
INFO:root:item2item
INFO:root:item2item
INFO:root:personal 
INFO:root:item2item
INFO:root:item2item
INFO:root:item2item
INFO:root:personal 
INFO:root:item2item
INFO:root:item2item
INFO:root:item2item
INFO:root:item2item
INFO:root:personal 
INFO:root:item2item
INFO:root:item2item
INFO:root:item2item
INFO:root:item2item
INFO:root:item2item
INFO:root:top_popular
INFO:root:toppop 
INFO:root:top_popular
INFO:root:toppop 
INFO:root:item2item
INFO:root:top_popular
INFO:root:toppop 
INFO:root:item2item
INFO:root:item2item
INFO:root:top_popular
INFO:root:toppop 
INFO:root:item2item
INFO:root:item2item
INFO:root:item2item
INFO:root:top_popular
INFO:root:toppop 
INFO:root:item2item
INFO:root:item2item
INFO:root:item2item
INFO:root:item2item
INFO:root:top_popular
INFO:root:toppop 
INFO:root:item2item
INFO:root:item2item
INFO:root:item2item
INFO:root:item2item
INFO:root:item2item
INFO:root:Stats for recommendations
INFO:root:request_personal_count         6 
INFO:root:request_poptop_count           6 
INFO:root:request_simiitems_count        30 
INFO:root:Stopping
INFO:root:Loaded seccessful from file: ./data/recommendations.parquet
INFO:root:Loaded seccessful from file: ./data/similar_items.parquet
INFO:root:Loaded seccessful from file: ./data/top_popular.parquet
INFO:root:Class service.recsys_hendler init
INFO:root:Starting
INFO:root:personal 
INFO:root:personal 
INFO:root:item2item
INFO:root:personal 
INFO:root:item2item
INFO:root:item2item
INFO:root:personal 
INFO:root:item2item
INFO:root:item2item
INFO:root:item2item
INFO:root:personal 
INFO:root:item2item
INFO:root:item2item
INFO:root:item2item
INFO:root:item2item
INFO:root:personal 
INFO:root:item2item
INFO:root:item2item
INFO:root:item2item
INFO:root:item2item
INFO:root:item2item
INFO:root:top_popular
INFO:root:toppop 
INFO:root:top_popular
INFO:root:toppop 
INFO:root:item2item
INFO:root:top_popular
INFO:root:toppop 
INFO:root:item2item
INFO:root:item2item
INFO:root:top_popular
INFO:root:toppop 
INFO:root:item2item
INFO:root:item2item
INFO:root:item2item
INFO:root:top_popular
INFO:root:toppop 
INFO:root:item2item
INFO:root:item2item
INFO:root:item2item
INFO:root:item2item
INFO:root:top_popular
INFO:root:toppop 
INFO:root:item2item
INFO:root:item2item
INFO:root:item2item
INFO:root:item2item
INFO:root:item2item
